         w __deregister_frame_info
         w __register_frame_info
         w __syscall_lock_close_recursive
         w userAppExit
         w userAppInit
00000000 00000802 B __ctru_dev_utf16_buf
00000000 b _TLS_MODULE_BASE_
00000000 a shift
00000000 a shift
00000804 00000401 B __ctru_dev_path_buf
00100000 A __start__
00100000 T _start
00100008 T __service_ptr
0010000c T __apt_appid
00100010 T __heap_size
00100014 T __linear_heap_size
00100018 T __system_arglist
0010001c T __system_runflags
00100020 t startup
00100058 t ClearMem
0010006c t ClrLoop
00100094 T _init
001000ac T __aeabi_idiv
001000ac 00000220 T __divsi3
001000b4 t .divsi3_skip_div0_test
001002cc 00000020 T __aeabi_idivmod
001002ec 00000004 W __aeabi_idiv0
001002ec 00000004 W __aeabi_ldiv0
001002f0 T __aeabi_drsub
001002f8 000002b0 T __aeabi_dsub
001002f8 000002b0 T __subdf3
001002fc 000002ac T __adddf3
001002fc 000002ac T __aeabi_dadd
001005a8 00000024 T __aeabi_ui2d
001005a8 00000024 T __floatunsidf
001005cc 00000028 T __aeabi_i2d
001005cc 00000028 T __floatsidf
001005f4 00000048 T __aeabi_f2d
001005f4 00000048 T __extendsfdf2
0010063c 00000074 T __aeabi_ul2d
0010063c 00000074 T __floatundidf
00100650 00000060 T __aeabi_l2d
00100650 00000060 T __floatdidf
001006b0 T __aeabi_uldivmod
00100708 00000390 T strcmp
00100a90 t .udivsi3_skip_div0_test
00100a90 T __aeabi_uidiv
00100a90 000001ec T __udivsi3
00100c7c 00000020 T __aeabi_uidivmod
00100c9c t __do_global_dtors_aux
00100cdc t frame_dummy
00100d08 00000228 T main
00100f30 00000044 t C2Di_FrameEndHook
00100f78 0000036c T C2D_Init
001012e4 0000004c T C2D_Fini
00101330 000000b8 T C2D_Prepare
001013e8 00000048 T C2D_Flush
00101430 00000104 T C2D_SceneSize
00101534 00000058 T C2D_CreateScreenTarget
0010158c 00000064 T C2D_TargetClear
001015f0 00000058 T C2Di_AppendQuad
00101648 00000550 T C2Di_Update
00101b98 00000158 T C2D_DrawRectangle
00101cf0 00000004 W C3Di_LightEnvUpdate
00101cf4 00000004 W C3Di_LightEnvDirty
00101cf8 000000b4 t C3Di_AptEventHook
00101dac 00000004 W C3Di_GasUpdate
00101db0 000001e0 T C3D_Init
00101f90 00000098 T C3D_SetViewport
00102028 000004e8 T C3Di_UpdateContext
00102510 000000e0 T C3Di_SplitFrame
001025f0 00000010 T C3D_GetCmdBufUsage
00102600 00000044 T C3D_Fini
00102644 00000114 T C3D_BindProgram
00102758 0000004c t onVBlank0
001027a4 0000004c t onVBlank1
001027f0 00000080 t C3Di_RenderTargetDestroy
00102870 000000f4 t onQueueFinish
00102964 00000038 T C3Di_RenderQueueEnableVBlank
0010299c 00000030 T C3Di_RenderQueueDisableVBlank
001029cc 00000060 T C3Di_RenderQueueInit
00102a2c 000000b0 T C3Di_RenderQueueExit
00102adc 00000034 T C3Di_RenderQueueWaitDone
00102b10 000000e4 T C3D_FrameBegin
00102bf4 00000048 T C3D_FrameDrawOn
00102c3c 00000058 T C3D_FrameSplit
00102c94 000001d8 T C3D_FrameEnd
00102e6c 0000001c T C3D_FrameEndHook
00102e88 00000018 T C3D_GetDrawingTime
00102ea0 00000018 T C3D_GetProcessingTime
00102eb8 00000184 T C3D_RenderTargetCreate
0010303c 000000a8 T C3D_RenderTargetSetOutput
001030e4 00000044 T C3D_TexBind
00103128 0000016c T C3Di_SetTex
00103294 0000001c T C3D_CalcColorBufSize
001032b0 0000001c T C3D_CalcDepthBufSize
001032cc 00000044 T C3D_SetFrameBuf
00103310 0000016c T C3Di_FrameBufBind
0010347c 000000c8 T C3D_FrameBufClear
00103544 00000044 T C3D_FrameBufTransfer
00103588 00000034 T C3D_GetTexEnv
001035bc 00000024 T C3Di_TexEnvBind
001035e0 00000218 T C3D_DrawElements
001037f8 00000070 T C3D_ProcTexInit
00103868 00000054 T C3D_ProcTexBind
001038bc 0000005c T C3D_ProcTexLutBind
00103918 000000a4 T ProcTexLut_FromArray
001039bc 0000017c T C3Di_ProcTexUpdate
00103b38 00000068 T C3Di_ProcTexDirty
00103ba0 00000024 T BufInfo_Init
00103bc4 00000080 T BufInfo_Add
00103c44 00000040 T C3D_SetBufInfo
00103c84 00000048 T C3Di_BufInfoBind
00103ccc 00000040 T C3D_DepthMap
00103d0c 0000001c T C3D_CullFace
00103d28 00000040 T C3D_StencilTest
00103d68 00000024 T C3D_StencilOp
00103d8c 0000001c T C3D_BlendingColor
00103da8 00000024 T C3D_EarlyDepthTest
00103dcc 0000002c T C3D_DepthTest
00103df8 0000002c T C3D_AlphaTest
00103e24 00000050 T C3D_AlphaBlend
00103e74 00000030 T C3D_FragOpMode
00103ea4 00000044 T C3D_FragOpShadow
00103ee8 000001ac T C3Di_EffectBind
00104094 00000028 T AttrInfo_Init
001040bc 00000094 T AttrInfo_AddLoader
00104150 00000054 T C3D_SetAttrInfo
001041a4 00000080 T C3Di_AttrInfoBind
00104224 000000a8 T C3D_ImmSendAttrib
001042cc 00000280 T C3D_UpdateUniforms
0010454c 000000c0 T C3Di_DirtyUniforms
0010460c 000000d8 T C3Di_LoadShaderUniforms
001046e4 00000028 T C3Di_ClearShaderUniforms
0010470c 000000cc T Mtx_Ortho
001047d8 000000cc T Mtx_OrthoTilt
001048a4 00000024 t addrMapNodeComparator(rbtree_node const*, rbtree_node const*)
001048c8 00000004 t addrMapNodeDestructor(rbtree_node*)
001048cc 00000250 T vramMemAlignAt
00104b1c 0000000c T vramAlloc
00104b28 0000000c T vramAllocAt
00104b34 00000090 T vramFree
00104bc4 00000024 t addrMapNodeComparator(rbtree_node const*, rbtree_node const*)
00104be8 00000004 t addrMapNodeDestructor(rbtree_node*)
00104bec 00000120 T linearMemAlign
00104d0c 00000008 T linearAlloc
00104d14 0000005c T linearFree
00104d70 00000080 T MemPool::CoalesceRight(MemBlock*)
00104df0 0000016c T MemPool::Allocate(MemChunk&, unsigned long, int)
00104f5c 000000fc T MemPool::Deallocate(MemChunk const&)
00105058 00000030 T MemPool::GetFreeSpace()
00105088 00000074 T osConvertVirtToPhys
00105100 00000038 T osTickCounterRead
00105138 00000034 T __ctru_speedup_config
0010516c 000001e8 t parseColor
00105354 000001ac T consoleDrawChar
00105500 00000124 T consolePrintChar
00105624 00000b94 T con_write
001061b8 000000fc t newRow
001062b4 00000168 T consoleInit
0010641c 000000d0 t gfxPresentFramebuffer
001064ec 0000001c T gfxIsWide
00106508 000000ec T gfxSetScreenFormat
001065f4 00000010 T gfxSetDoubleBuffering
00106604 000000e0 T gfxInit
001066e4 00000010 T gfxInitDefault
001066f4 000000b4 T gfxExit
001067a8 000000a0 T gfxGetFramebuffer
00106848 00000104 T gfxFlushBuffers
0010694c 00000030 T gfxScreenSwapBuffers
0010697c 00000050 T gfxSwapBuffersGpu
001069cc 000001d4 T shaderInstanceInit
00106ba0 00000018 T shaderInstanceGetUniformLocation
00106bb8 0000001c T shaderProgramInit
00106bd4 00000064 T shaderProgramFree
00106c38 00000080 T shaderProgramSetVsh
00106cb8 000008e0 T shaderProgramConfigure
00107598 000001cc t DVLE_GenerateOutmap.part.0
00107764 000001b4 T DVLB_ParseFile
00107918 00000038 T DVLB_Free
00107950 00000074 T DVLE_GetUniformRegister
001079c4 00000010 T GX_BindQueue
001079d4 00000078 T GX_ProcessCommandList
00107a4c 00000074 T GX_MemoryFill
00107ac0 00000070 T GX_DisplayTransfer
00107b30 00000068 t gxCmdQueueDoCommands.part.0
00107b98 000000c8 T gxCmdQueueInterrupt
00107c60 0000004c T gxCmdQueueClear
00107cac 000000f8 T gxCmdQueueAdd
00107da4 00000080 T gxCmdQueueRun
00107e24 00000060 T gxCmdQueueStop
00107e84 00000074 T gxCmdQueueWait
00107ef8 0000013c T GPUCMD_Add
00108034 000000b0 T GPUCMD_Split
001080e4 00000034 T f32tof16
00108118 00000034 T f32tof24
0010814c 00000038 T f32tof31
00108184 00000c58 t gspHardwareInit
00108ddc 00000248 T gspInit
00109024 000000f0 T gspExit
00109114 00000010 T gspHasGpuRight
00109124 000000a0 T gspPresentBuffer
001091c4 00000030 T gspSetEventCallback
001091f4 00000044 T gspWaitForEvent
00109238 0000004c T gspWaitForAnyEvent
00109284 00000158 t gspEventThreadMain
001093dc 00000130 T gspSubmitGxCommand
0010950c 00000050 T GSPGPU_FlushDataCache
0010955c 00000034 T GSPGPU_SetLcdForceBlack
00109590 00000068 T GSPGPU_AcquireRight
001095f8 00000048 T GSPGPU_ReleaseRight
00109640 0000007c T GSPGPU_ImportDisplayCaptureInfo
001096bc 0000002c T GSPGPU_SaveVramSysArea
001096e8 0000002c T GSPGPU_RestoreVramSysArea
00109714 000001a4 t aptConvertScreenForCapture
001098b8 00000008 W aptDspSleep
001098c0 00000004 W aptDspWakeup
001098c4 00000004 W aptDspCancel
001098c8 00000158 T aptSendCommand
00109a20 00000044 t aptExitProcess
00109a64 000002f4 T aptExit
00109d58 000000e0 T aptHandleSleep
00109e38 00000030 T aptHook
00109e68 00000030 T aptUnhook
00109e98 00000084 T APT_SleepIfShellClosed
00109f1c 00000084 T aptSetSleepAllowed
00109fa0 00000084 T APT_UnlockTransition
0010a028 000004a4 t aptEventHandler
0010a4cc 000000b0 T APT_ReceiveParameter
0010a57c 000000b0 t aptReceiveParameter.constprop.0
0010a630 000002ac t aptScreenTransfer
0010a8dc 00000344 t aptWaitForWakeUp.isra.0
0010ac20 00000100 T aptJumpToHomeMenu
0010ad20 00000048 T aptMainLoop
0010ad68 0000022c T aptInit
0010af94 0000007c T APT_CheckNew3DS
0010b010 00000024 W hidShouldUseIrrst
0010b034 0000018c T hidInit
0010b1c0 000000e8 T hidExit
0010b2a8 000002a4 T hidScanInput
0010b54c 00000010 T hidKeysHeld
0010b55c 00000074 T ptmSysmInit
0010b5d0 0000003c T ptmSysmExit
0010b60c 00000034 T PTMSYSM_ConfigureNew3DSCPU
0010b640 00000010 T rbtree_init
0010b650 000001b4 t do_insert
0010b804 00000008 T rbtree_insert
0010b80c 00000090 T rbtree_rotate
0010b89c 00000318 T rbtree_remove
0010bbb4 00000074 T rbtree_find
0010bc28 000001e0 W __system_allocateHeaps
0010be08 00000038 W __libctru_init
0010be40 00000170 W __system_initArgv
0010bfb0 T svcControlMemory
0010bfd0 T svcQueryMemory
0010c000 T svcExitProcess
0010c008 T svcCreateThread
0010c028 T svcExitThread
0010c030 T svcSleepThread
0010c038 T svcReleaseMutex
0010c040 T svcCreateEvent
0010c054 T svcSignalEvent
0010c05c T svcClearEvent
0010c064 T svcMapMemoryBlock
0010c06c T svcUnmapMemoryBlock
0010c074 T svcCreateAddressArbiter
0010c088 T svcArbitrateAddressNoTimeout
0010c090 T svcCloseHandle
0010c098 T svcWaitSynchronization
0010c0a0 T svcWaitSynchronizationN
0010c0c8 T svcDuplicateHandle
0010c0dc T svcGetSystemTick
0010c0e4 T svcConnectToPort
0010c0f8 T svcSendSyncRequest
0010c100 T svcGetResourceLimit
0010c114 T svcGetResourceLimitLimitValues
0010c11c T svcGetResourceLimitCurrentValues
0010c124 T svcBreak
0010c12c W initSystem
0010c17c W __ctru_exit
0010c194 0000000c T __sync_init
0010c1a0 00000018 T __sync_fini
0010c1b8 0000002c T syncArbitrateAddress
0010c1e4 000000b0 T LightLock_Lock
0010c294 00000040 T LightLock_Unlock
0010c2d4 00000024 T RecursiveLock_Init
0010c2f8 00000030 T RecursiveLock_Lock
0010c328 00000054 T RecursiveLock_Unlock
0010c37c 00000040 T LightEvent_Init
0010c3bc 000000a4 T LightEvent_Clear
0010c460 000000c8 T LightEvent_Signal
0010c528 00000050 T LightEvent_TryWait
0010c578 000000b0 T LightEvent_Wait
0010c628 00000130 T srvInit
0010c758 00000058 T srvExit
0010c7b0 000000a0 T srvGetServiceHandleDirect
0010c850 00000038 T srvGetServiceHandle
0010c888 00000038 T srvPublishToSubscriber
0010c8c0 00000178 T threadCreate
0010ca38 0000002c T threadFree
0010ca64 00000024 T threadJoin
0010ca88 00000030 T threadGetCurrent
0010cab8 00000040 T threadExit
0010caf8 00000020 t _thread_begin
0010cb18 000000b4 t mappableFindAddressWithin
0010cbcc 00000028 T mappableInit
0010cbf4 00000080 T mappableAlloc
0010cc74 00000004 T mappableFree
0010cc78 00000164 T irrstInit
0010cddc 000000cc T irrstExit
0010cea8 000000b4 T irrstScanInput
0010cf5c 00000024 T irrstKeysHeld
0010cf80 0000000c T srvPmGetSessionHandle
0010cf8c 0000005c T rbtree_node_next
0010cfe8 00000030 W __appInit
0010d018 00000030 T __syscall_getreent
0010d048 00000004 T __syscall_lock_acquire
0010d04c 00000004 T __syscall_lock_release
0010d050 00000004 T __syscall_lock_init_recursive
0010d054 00000004 T __syscall_lock_acquire_recursive
0010d058 00000004 T __syscall_lock_release_recursive
0010d05c 00000004 T __syscall_exit
0010d060 00000050 T initThreadVars
0010d0b0 00000068 T __system_initSyscalls
0010d118 00000030 W __appExit
0010d148 00000090 W __libctru_exit
0010d1d8 00000084 W envGetHandle
0010d25c 00000050 W envDestroyHandles
0010d2ac 00000014 t archive_link
0010d2c0 00000014 t archive_dirreset
0010d2d4 00000014 t archive_chmod
0010d2e8 00000024 t error_cmp
0010d30c 00000050 t archive_translate_error
0010d35c 000000c8 t archive_seek
0010d424 0000007c t _archiveInit.part.0
0010d4a0 000000c4 t archiveFindDevice.part.0
0010d564 0000025c t archive_utf16path
0010d7c0 000000a0 t _archiveUnmountDeviceStruct.part.0
0010d860 00000014 t archive_fchmod
0010d874 00000014 t archive_statvfs
0010d888 00000164 t _archiveMountDevice
0010d9ec 000000e8 t archive_diropen
0010dad4 000000a4 t archive_fstat
0010db78 0000006c t archive_close
0010dbe4 0000006c t archive_fsync
0010dc50 00000070 t archive_dirclose
0010dcc0 000000e8 t sdmc_statvfs
0010dda8 000000ec t archive_chdir
0010de94 0000007c t archive_ftruncate
0010df10 000000ac t archive_read
0010dfbc 000000a4 t archive_unlink
0010e060 000000bc t archive_rmdir
0010e11c 000000dc t archive_mkdir
0010e1f8 0000019c t archive_stat
0010e394 0000015c t archive_dirnext
0010e4f0 000000ec t archive_write
0010e5dc 000001d4 t archive_open
0010e7b0 00000278 t archive_rename
0010ea28 0000019c T archiveMountSdmc
0010ebc4 00000054 T archiveUnmountAll
0010ec18 000000cc T fsInit
0010ece4 0000003c T fsExit
0010ed20 00000060 T fsExemptFromSession
0010ed80 00000050 T fsUnexemptFromSession
0010edd0 000000cc T FSUSER_OpenFile
0010ee9c 000000bc T FSUSER_DeleteFile
0010ef58 000000f8 T FSUSER_RenameFile
0010f050 000000bc T FSUSER_DeleteDirectory
0010f10c 000000d4 T FSUSER_CreateFile
0010f1e0 000000c4 T FSUSER_CreateDirectory
0010f2a4 000000f8 T FSUSER_RenameDirectory
0010f39c 000000b4 T FSUSER_OpenDirectory
0010f450 00000098 T FSUSER_OpenArchive
0010f4e8 0000008c T FSUSER_CloseArchive
0010f574 00000074 T FSUSER_GetSdmcArchiveResource
0010f5e8 00000064 T FSUSER_IsSdmcWritable
0010f64c 00000058 T FSFILE_Read
0010f6a4 00000060 T FSFILE_Write
0010f704 0000003c T FSFILE_GetSize
0010f740 00000028 T FSFILE_SetSize
0010f768 0000003c T FSFILE_Close
0010f7a4 00000024 T FSFILE_Flush
0010f7c8 00000050 T FSDIR_Read
0010f818 0000003c T FSDIR_Close
0010f854 000000e8 T utf16_to_utf8
0010f93c 00000064 T decode_utf16
0010f9a0 0000013c T decode_utf8
0010fadc 000000c0 T utf8_to_utf16
0010fb9c T __aeabi_read_tp
0010fba8 00000054 T encode_utf16
0010fbfc 000000e0 T encode_utf8
0010fcdc 00000120 T __udivmoddi4
0010fdfc 00000078 T bsearch
0010fe74 00000020 T calloc
0010fe94 000000c0 T _calloc_r
0010ff54 0000000c T __errno
0010ff60 00000034 T exit
0010ff94 00000234 T __sflush_r
001101c8 00000094 T _fflush_r
0011025c 0000000c T _cleanup_r
00110268 00000184 T __sinit
001103ec 0000000c T __sfp_lock_acquire
001103f8 0000000c T __sfp_lock_release
00110404 0000003c T __libc_fini_array
00110440 000000f8 T _malloc_trim_r
00110538 000002e8 T _free_r
00110820 00000070 T _fwalk_reent
00110890 00000084 T __libc_init_array
00110914 00000020 T memalign
00110934 0000014c T _memalign_r
00110a80 00000018 T malloc
00110a98 00000018 T free
00110ab0 000007e4 T _malloc_r
00111294 000000e4 T memchr
00111378 00000118 T memcpy
00111490 000000f4 T memset
00111584 0000000c T __malloc_lock
00111590 0000000c T __malloc_unlock
0011159c 00000034 T printf
001115d0 0000025c T setvbuf
0011182c 00000074 T sscanf
001118a0 00000044 T __sread
001118e4 00000008 T __seofread
001118ec 00000068 T __swrite
00111954 00000044 T __sseek
00111998 00000008 T __sclose
001119a0 0000005c T strlen
001119fc 000000e4 T strncat
00111ae0 000000e4 T strncmp
00111bc4 000000c4 T strncpy
00111c88 00000048 T strnlen
00111cd0 000001c4 t _strtoul_l.constprop.0
00111e94 00000004 T _strtoul_r
00111e98 00000028 T strtoul
00111ec0 00000050 t get_arg
00111f10 00002c38 T __ssvfscanf_r
00114b48 0000066c t get_arg
001151b8 0000339c T _vfprintf_r
00118554 000000d0 t __sbprintf
00118624 00000054 T _wcrtomb_r
00118678 00000028 T _wcsrtombs_r
001186a0 0000013c T __swsetup_r
001187dc 00000114 T __call_exitprocs
001188f0 000001b0 t quorem
00118aa0 000011f8 T _dtoa_r
00119c98 0000015c T _fclose_r
00119df4 00000008 T iswspace
00119dfc 0000000c T _localeconv_r
00119e08 00000010 T __locale_mb_cur_max
00119e18 00000138 T __smakebuf_r
00119f50 0000008c T __swhatbuf_r
00119fdc 00000068 T _mbrtowc_r
0011a044 000002f8 T __utf8_mbtowc
0011a33c 00000088 T _Balloc
0011a3c4 0000001c T _Bfree
0011a3e0 000000f4 T __multadd
0011a4d4 00000110 T __s2b
0011a5e4 00000060 T __hi0bits
0011a644 0000009c T __lo0bits
0011a6e0 000000a8 T __i2b
0011a788 00000204 T __multiply
0011a98c 00000124 T __pow5mult
0011aab0 00000140 T __lshift
0011abf0 00000058 T __mcmp
0011ac48 000001ec T __mdiff
0011ae34 00000068 T __ulp
0011ae9c 000000d0 T __b2d
0011af6c 00000120 T __d2b
0011b08c 00000078 T __ratio
0011b104 00000088 T __copybits
0011b18c 0000005c T __any_on
0011b1e8 00000020 T realloc
0011b208 000004a0 T _realloc_r
0011b6a8 000000f4 T __sccl
0011b79c 0000000c T nanf
0011b7a8 00000088 T frexp
0011b830 00000064 T sprintf
0011b894 000000cc T stpncpy
0011b960 00000130 T strchr
0011ba90 00000064 t sulp
0011baf8 000013a8 T _strtod_l
0011cea0 0000000c T _strtod_r
0011ceac 0000022c t _strtoll_l.constprop.0
0011d0d8 00000004 T _strtoll_r
0011d0dc 000001a4 t _strtol_l.part.0
0011d280 0000003c T _strtol_r
0011d2bc 00000244 t _strtoull_l.constprop.0
0011d500 00000004 T _strtoull_r
0011d504 00000188 T __ssprint_r
0011d68c 000000d4 T _sungetc_r
0011d760 0000006c T __ssrefill_r
0011d7cc 000000c4 T _sfread_r
0011d890 0000066c t get_arg
0011df00 00003334 T _svfprintf_r
00121234 000000a8 T __submore
001212dc 0000066c t get_arg
00121948 00000030 T __sprint_r
00121978 000022ec T _vfiprintf_r
00123c64 000000d0 t __sbprintf
00123d34 00000188 T _wcsnrtombs_l
00123ebc 0000004c T _wcsnrtombs_r
00123f08 000000f0 T __utf8_wctomb
00123ff8 0000005c T __assert_func
00124054 0000003c T fiprintf
00124090 000004b4 T __sfvwrite_r
00124544 000000f0 t rshift
00124634 00000814 T __gethex
00124e48 0000004c T __match
00124e94 0000029c T __hexnan
00125130 0000003c T iswspace_l
0012516c 000001d8 t __jp2uc
00125344 0000009c T _jp2uc_l
001253e0 00000150 T memmove
00125530 00000010 T nan
00125540 00000014 T abort
00125554 0000008c T category
001255e0 00000090 T _raise_r
00125670 00000018 T raise
00125688 00000008 t null_write
00125690 00000018 T setDefaultDevice
001256a8 000000c8 T FindDevice
00125770 00000028 T RemoveDevice
00125798 0000009c T AddDevice
00125834 00000020 T GetDeviceOpTab
00125854 00000078 T _fstat_r
001258cc 00000014 T _getpid_r
001258e0 00000008 T _isatty_r
001258e8 00000014 T _kill_r
001258fc 00000084 T _lseek_r
00125980 00000080 T _read_r
00125a00 00000078 T _sbrk_r
00125a78 00000080 T _write_r
00125af8 00000020 T _exit
00125b18 000001a4 T _concatenate_path
00125cbc 00000140 T chdir
00125dfc 00000008 T __flockfile
00125e04 00000008 T __funlockfile
00125e0c 0000003c T __get_handle
00125e48 000000f4 T _close_r
00125f3c 0000002c T __getreent
00125f68 0000001c T __libc_lock_acquire
00125f84 0000001c T __libc_lock_release
00125fa0 0000001c T __libc_lock_init_recursive
00125fbc 0000001c T __libc_lock_acquire_recursive
00125fd8 0000001c T __libc_lock_release_recursive
00125ff4 0000001c T __libc_lock_close_recursive
00126010 00000038 T __aeabi_d2lz
00126010 00000038 T __fixdfdi
00126048 00000040 T __aeabi_d2ulz
00126048 00000040 T __fixunsdfdi
00126088 00000048 T strrchr
001260d0 T _fini
001270b8 R render2d_shbin
00127244 R render2d_shbin_end
00127244 R render2d_shbin_size
00127248 00000005 r colorFmtSizes
00127250 00000004 r depthFmtSizes
00127254 00000010 r CSWTCH.9
001272dc 00000070 r dotab_stdout
0012734c 00000018 r grayScale
00127364 00000006 r colorCube
0012736c 00000030 r colorTable
001273c0 00000008 r morton_y.2
001273c8 00000008 r morton_x.3
001273d0 00000008 r s_sleepWakeEvents.4
00127408 R default_font_bin
00127c08 R default_font_bin_end
00127c2c 00000030 r error_table
00127c64 00000070 r archive_devoptab
00127cdc 00000004 R _global_impure_ptr
00127ce8 00000022 r basefix.0
00127d48 00000010 r zeroes.0
00127d58 00000010 r blanks.1
00127d68 00000101 R _ctype_
00127e7c r .LC2
00127f70 0000000c r p05.0
00127f80 00000028 R __mprec_bigtens
00127fa8 000000c8 R __mprec_tens
00128080 00000014 r fpinan.0
00128094 00000014 r fpi.1
001280a8 00000028 r tinytens
001280d0 0000006c R __action_table
0012813c 0000006c R __state_table
001281a8 00000100 R __chclass
001282a8 00000010 r zeroes.0
001282b8 00000010 r blanks.1
001282c8 00000010 r zeroes.0
001282d8 00000010 r blanks.1
00128378 00000100 R __hexdig
0012848c 00001a7c r d02f4
00129f08 0000172a r b02cf
0012b634 00000040 r a8
0012b674 000000a2 r a7
0012b718 00000070 r a6
0012b788 0000005b r a3
0012b7e4 000000bc r a2
0012b8a0 000000bc r a1
0012b95c 00003528 r categories
0012ee84 00000070 R dotab_stdnull
0012eef4 R __tdata_align
0012eef8 r 
0012eef8 R __exidx_end
0012eef8 R __exidx_start
0012f000 00000004 d framerate
0012f004 00000008 d framerateCounter
0012f00c 00000001 d firstConsoleInit.0
0012f010 00000004 D currentConsole
0012f014 00000048 D defaultConsole
0012f05c 00000004 d queueLock
0012f060 00000004 d kCount
0012f064 00000004 d kInterval
0012f068 00000004 d kDelay
0012f06c W __stacksize__
0012f070 00000004 D _impure_ptr
0012f078 00000460 d impure_data
0012f4d8 00000004 D __malloc_sbrk_base
0012f4dc 00000004 D __malloc_trim_threshold
0012f4e0 00000408 D __malloc_av_
0012f8e8 0000016c D __global_locale
0012fa54 0000008c D devoptab_list
0012fae0 00000004 d defaultDevice
0012fae4 00000400 d _current_working_directory
0012fee4 00001000 d handles
00130ee4 0000000c d __stderr_handle
00130ef0 0000000c d __stdout_handle
00130efc 0000000c d __stdin_handle
00130f10 d _GLOBAL_OFFSET_TABLE_
00130f1c d __frame_dummy_init_array_entry
00130f1c D __init_array_start
00130f1c B __preinit_array_end
00130f1c B __preinit_array_start
00130f1c D __tdata_lma
00130f1c D __tdata_lma_end
00130f20 d __do_global_dtors_aux_fini_array_entry
00130f20 D __fini_array_start
00130f20 D __init_array_end
00130f24 D __bss_start__
00130f24 D __fini_array_end
00130f24 b completed.1
00130f28 b object.0
00130f40 000005a8 B __C2Di_Context
001314e8 00000040 b s_projBot
00131528 00000040 b s_projTop
00131568 00000004 b uLoc_mdlvMtx
0013156c 00000004 b uLoc_projMtx
00131570 000002d0 B __C3D_Context
00131840 0000000c b hookCookie
00131850 00000010 b cpuTime
00131860 00000004 b firstTarget
00131864 00000008 b frameCounter
0013186c 00000004 b frameEndCb
00131870 00000004 b frameEndCbData
00131878 00000010 b gpuTime
00131888 00000001 b inFrame
00131889 00000001 b inSafeTransfer
0013188a 00000001 b isTopStereo
0013188c 00000004 b lastTarget
00131890 0000000c b linkedTarget
0013189c 00000001 b measureGpuTime
0013189d 00000001 b needSwapBot
0013189e 00000001 b needSwapTop
001318a0 00000004 B C3D_BoolUnifs
001318a4 00000002 B C3D_BoolUnifsDirty
001318a8 00000c00 B C3D_FVUnif
001324a8 000000c0 B C3D_FVUnifDirty
00132568 00000020 B C3D_IVUnif
00132588 00000008 B C3D_IVUnifDirty
00132590 000000c0 b C3Di_FVUnifEverDirty
00132650 00000008 b C3Di_IVUnifEverDirty
00132658 00000018 b C3Di_ShaderFVecData
00132670 00000008 b sVramPoolB
00132678 00000008 b sVramPoolA
00132680 0000000c b sAddrMap
00132690 00000008 b sLinearPool
00132698 0000000c b sAddrMap
001326a4 00000001 V __ctru_speedup
001326a8 00000048 B currentCopy
001326f0 00000004 b screenAlloc
001326f4 00000004 b screenFree
001326f8 00000002 b gfxIsDoubleBuf
001326fc 00000002 b gfxCurBuf
001326fe 00000001 b gfxIsVram
001326ff 00000001 b gfxTopMode
00132700 00000002 b gfxFramebufferFormats
00132704 00000004 b gfxBottomFramebufferMaxSize
00132708 00000004 b gfxTopFramebufferMaxSize
00132710 00000008 b gfxBottomFramebuffers
00132718 00000008 b gfxTopFramebuffers
00132720 00000004 b boundQueue
00132724 00000001 b shouldStop
00132725 00000001 b isRunning
00132726 00000001 b isActive
00132728 00000004 b curQueue
0013272c 00000004 B gpuCmdBufOffset
00132730 00000004 B gpuCmdBufSize
00132734 00000004 B gpuCmdBuf
00132738 00000007 b gspEventCbOneShot
00132740 0000001c b gspEventCbData
0013275c 0000001c b gspEventCb
00132778 00000038 b gspEvents
001327b0 00000004 b gspLastEvent
001327b4 00000001 b gspRunEvents
001327b8 00000004 b gspEventThread
001327bc 00000004 b gspEvent
001327c0 00000001 b gspGpuRight
001327c1 00000001 b gspThreadId
001327c4 00000004 b gspSharedMem
001327c8 00000004 b gspSharedMemHandle
001327cc 00000004 b gspRefCount
001327d0 00000004 b gspGpuHandle
001327d4 00000001 b flagValue.0
001327d5 00000001 b flagInit.1
001327d8 00000004 b serviceName.6
001327dc 00000001 b aptChainloadMediatype
001327e0 00000008 b aptChainloadTid
001327e8 00000001 b aptChainloadFlags
001327ec 00001000 b aptParameters
001337ec 00000004 b aptFlags
001337f0 00000001 b aptHomeButtonState
001337f4 00000004 b aptMessageFuncData
001337f8 00000004 b aptMessageFunc
001337fc 0000000c b aptFirstHook
00133808 00000001 b aptEventHandlerThreadQuit
0013380c 00000004 b aptEventHandlerThread
00133810 00000008 b aptSleepEvent
00133818 00000008 b aptReceiveEvent
00133820 00000008 b aptEvents
00133828 00000004 b aptLockHandle
0013382c 00000004 b aptRefCount
00133830 00000001 b usingIrrst
00133834 00000004 b hidRefCount
00133838 00000006 b gRate
00133840 00000006 b aVec
00133848 00000004 b cPos
0013384c 00000004 b tPos
00133850 00000004 b kRepeat
00133854 00000004 b kUp
00133858 00000004 b kDown
0013385c 00000004 b kHeld
00133860 00000004 b kOld
00133864 00000004 B hidSharedMem
00133868 00000014 B hidEvents
0013387c 00000004 B hidMemHandle
00133880 00000004 B hidHandle
00133884 00000004 b ptmSysmRefCount
00133888 00000004 b ptmSysmHandle
0013388c 00000004 V __ctru_linear_heap_size
00133890 00000004 V __ctru_heap_size
00133894 00000004 B __ctru_linear_heap
00133898 00000004 B __ctru_heap
0013389c 00000004 B __system_retAddr
001338a0 00000004 B __system_argv
001338a4 00000004 B __system_argc
001338a8 b saved_stack
001338b0 00000004 b arbiter
001338b4 00000004 B __3dslink_host
001338b8 00000004 b srvRefCount
001338bc 00000004 b srvHandle
001338c0 00000004 b currentAddr
001338c4 00000004 b maxAddr
001338c8 00000004 b minAddr
001338cc 00000004 b irrstRefCount
001338d0 00000004 b csPos
001338d4 00000004 b kHeld
001338d8 00000004 B irrstSharedMem
001338dc 00000004 B irrstEvent
001338e0 00000004 B irrstMemHandle
001338e4 00000004 B irrstHandle
001338e8 00000004 b srvPmHandle
001338f0 00000540 b archive_devices
00133e30 00000004 b archive_device_cwd
00133e34 00000001 b archive_initialized
00133e38 00000080 b fsExemptArchives
00133eb8 00000004 b fsuRefCount
00133ebc 00000004 b fsuHandle
00133ec0 0000000c b __sinit_recursive_mutex
00133ecc 0000000c b __sfp_recursive_mutex
00133ed8 00000028 B __malloc_current_mallinfo
00133f00 00000004 B __malloc_max_total_mem
00133f04 00000004 B __malloc_max_sbrked_mem
00133f08 00000004 B __malloc_top_pad
00133f0c 0000000c b __malloc_recursive_mutex
00133f18 0000000c B __atexit_recursive_mutex
00133f24 00000004 b heap_start.0
00133f28 00000004 B fake_heap_start
00133f2c 00000004 B fake_heap_end
00133f30 00000400 b temp_cwd
00134330 00000004 b __hndl_lock
00134334 B __tls_start
00134f3c B __bss_end__
00134f3c A __end__
00134f3c B __tls_end
